 
****************************************
Report : power
        -analysis_effort low
Design : ascon_top
Version: R-2020.09-SP2
Date   : Thu Jul 10 18:19:03 2025
****************************************


Library(s) Used:

    tcbn65lplvttc (File: /software/dk/tsmc65/digital/Front_End/timing_power_noise/NLDM/tcbn65lplvt_220a/tcbn65lplvttc.db)


Operating Conditions: NCCOM   Library: tcbn65lplvttc
Wire Load Model Mode: segmented

Design        Wire Load Model            Library
------------------------------------------------
ascon_top              ZeroWireload      tcbn65lplvttc
lfsr                   ZeroWireload      tcbn65lplvttc
fsm                    ZeroWireload      tcbn65lplvttc
state_register         ZeroWireload      tcbn65lplvttc
register_1             ZeroWireload      tcbn65lplvttc
shareCreator           ZeroWireload      tcbn65lplvttc
ascon_sbox_d2_5        ZeroWireload      tcbn65lplvttc
ascon_sbox_d2_0        ZeroWireload      tcbn65lplvttc
ascon_sbox_d2_1        ZeroWireload      tcbn65lplvttc
ascon_sbox_d2_2        ZeroWireload      tcbn65lplvttc
ascon_sbox_d2_3        ZeroWireload      tcbn65lplvttc
ascon_sbox_d2_4        ZeroWireload      tcbn65lplvttc
register_0             ZeroWireload      tcbn65lplvttc


Global Operating Voltage = 1.2  
Power-specific unit information :
    Voltage Units = 1V
    Capacitance Units = 1.000000pf
    Time Units = 1ns
    Dynamic Power Units = 1mW    (derived from V,C,T units)
    Leakage Power Units = 1nW


  Cell Internal Power  =  14.5030 mW   (89%)
  Net Switching Power  =   1.7784 mW   (11%)
                         ---------
Total Dynamic Power    =  16.2814 mW  (100%)

Cell Leakage Power     =   9.5577 uW


                 Internal         Switching           Leakage            Total
Power Group      Power            Power               Power              Power   (   %    )  Attrs
--------------------------------------------------------------------------------------------------
io_pad             0.0000            0.0000            0.0000            0.0000  (   0.00%)
memory             0.0000            0.0000            0.0000            0.0000  (   0.00%)
black_box          0.0000            0.0000            0.0000            0.0000  (   0.00%)
clock_network      0.0000            0.0000            0.0000            0.0000  (   0.00%)
register          12.3705            0.4836        3.7102e+03           12.8578  (  78.93%)
sequential         0.0000            0.0000            0.0000            0.0000  (   0.00%)
combinational      2.1325            1.2948        5.8475e+03            3.4332  (  21.07%)
--------------------------------------------------------------------------------------------------
Total             14.5030 mW         1.7784 mW     9.5577e+03 nW        16.2910 mW
1
