 
****************************************
Report : timing
        -path full
        -delay max
        -max_paths 1
Design : ascon_top
Version: R-2020.09-SP2
Date   : Thu Jul 10 18:19:03 2025
****************************************

 # A fanout number of 1000 was used for high fanout net computations.

Operating Conditions: NCCOM   Library: tcbn65lplvttc
Wire Load Model Mode: segmented

  Startpoint: mealy_fsm/current_state_reg[2]
              (rising edge-triggered flip-flop clocked by clk)
  Endpoint: state_reg/state_reg[0][61]
            (rising edge-triggered flip-flop clocked by clk)
  Path Group: clk
  Path Type: max

  Des/Clust/Port     Wire Load Model       Library
  ------------------------------------------------
  register_0         ZeroWireload          tcbn65lplvttc
  ascon_sbox_d2_4    ZeroWireload          tcbn65lplvttc
  ascon_sbox_d2_3    ZeroWireload          tcbn65lplvttc
  ascon_sbox_d2_2    ZeroWireload          tcbn65lplvttc
  ascon_sbox_d2_1    ZeroWireload          tcbn65lplvttc
  ascon_sbox_d2_0    ZeroWireload          tcbn65lplvttc
  ascon_sbox_d2_5    ZeroWireload          tcbn65lplvttc
  register_1         ZeroWireload          tcbn65lplvttc
  state_register     ZeroWireload          tcbn65lplvttc
  ascon_top          ZeroWireload          tcbn65lplvttc
  fsm                ZeroWireload          tcbn65lplvttc

  Point                                                   Incr       Path
  --------------------------------------------------------------------------
  clock clk (rise edge)                                   0.00       0.00
  clock network delay (ideal)                             0.00       0.00
  mealy_fsm/current_state_reg[2]/CP (DFCNQD1LVT)          0.00 #     0.00 r
  mealy_fsm/current_state_reg[2]/Q (DFCNQD1LVT)           0.13       0.13 f
  mealy_fsm/U76/ZN (INR2D2LVT)                            0.05       0.17 f
  mealy_fsm/U40/ZN (NR2D1LVT)                             0.03       0.20 r
  mealy_fsm/U51/ZN (ND4D0LVT)                             0.05       0.25 f
  mealy_fsm/U49/ZN (ND3D1LVT)                             0.04       0.29 r
  mealy_fsm/sel_masked_round (fsm)                        0.00       0.29 r
  U3196/ZN (CKND2LVT)                                     0.02       0.31 f
  U3171/ZN (CKND2LVT)                                     0.02       0.33 r
  U3180/Z (BUFFD12LVT)                                    0.07       0.40 r
  gen_unsupported.gen_sbox[3].u_sbox/sel_masked_round (ascon_sbox_d2_2)
                                                          0.00       0.40 r
  gen_unsupported.gen_sbox[3].u_sbox/U17/Z (CKBD1LVT)     0.05       0.45 r
  gen_unsupported.gen_sbox[3].u_sbox/U91/Z (CKXOR2D1LVT)
                                                          0.07       0.51 f
  gen_unsupported.gen_sbox[3].u_sbox/U20/ZN (NR2XD0LVT)
                                                          0.03       0.54 r
  gen_unsupported.gen_sbox[3].u_sbox/U11/Z (CKXOR2D0LVT)
                                                          0.07       0.62 r
  gen_unsupported.gen_sbox[3].u_sbox/x_out_noMask[18] (ascon_sbox_d2_2)
                                                          0.00       0.62 r
  U3177/Z (MUX2D0LVT)                                     0.08       0.70 r
  U5595/ZN (XNR2D1LVT)                                    0.08       0.78 r
  U5600/Z (XOR4D0LVT)                                     0.14       0.92 f
  state_reg/in_shifted_1bit[3] (state_register)           0.00       0.92 f
  state_reg/U821/ZN (AOI21D0LVT)                          0.04       0.96 r
  state_reg/U820/ZN (IOA21D0LVT)                          0.03       0.99 f
  state_reg/state_reg[0][61]/D (DFQD1LVT)                 0.00       0.99 f
  data arrival time                                                  0.99

  clock clk (rise edge)                                   1.00       1.00
  clock network delay (ideal)                             0.00       1.00
  state_reg/state_reg[0][61]/CP (DFQD1LVT)                0.00       1.00 r
  library setup time                                     -0.01       0.99
  data required time                                                 0.99
  --------------------------------------------------------------------------
  data required time                                                 0.99
  data arrival time                                                 -0.99
  --------------------------------------------------------------------------
  slack (MET)                                                        0.00


1
