#
# An unexpected error has occurred (11)
#
Stack:
/tools/Xilinx/Vivado/2023.2/tps/lnx64/jre17.0.7_7/lib//server/libjvm.so(+0xd8797f) [0x700ca738797f]
/tools/Xilinx/Vivado/2023.2/tps/lnx64/jre17.0.7_7/lib//server/libjvm.so(JVM_handle_linux_signal+0x24e) [0x700ca738846e]
/lib/x86_64-linux-gnu/libc.so.6(+0x45250) [0x700ce4e45250]
/tools/Xilinx/Vivado/2023.2/lib/lnx64.o/librdi_xicom_hw.so(XicomHWXicomNodeEvents::init(std::__cxx11::basic_string<char, std::char_traits<char>, std::allocator<char> >)+0x216) [0x700caa8ca876]
/tools/Xilinx/Vivado/2023.2/lib/lnx64.o/librdi_xicom_hw.so(XHWEngine::handleServerConnect(XHWServer*, bool)+0x6f0) [0x700caa80efe0]
/tools/Xilinx/Vivado/2023.2/lib/lnx64.o/librdi_xicom_hw.so(XHWServer::connectKey(std::__cxx11::basic_string<char, std::char_traits<char>, std::allocator<char> > const&)+0x282) [0x700caa821da2]
/tools/Xilinx/Vivado/2023.2/lib/lnx64.o/librdi_labtools.so(LTDHWServer::connect(HSTVector<std::__cxx11::basic_string<char, std::char_traits<char>, std::allocator<char> >, std::allocator<std::__cxx11::basic_string<char, std::char_traits<char>, std::allocator<char> > > >&, HDGUIStatus*)+0x5ca) [0x700cad1f639a]
/tools/Xilinx/Vivado/2023.2/lib/lnx64.o/librdi_labtoolstasks.so(+0x61c642) [0x700c79c1c642]
/tools/Xilinx/Vivado/2023.2/lib/lnx64.o/librdi_common.so(+0xd7d9bf) [0x700ce677d9bf]
/tools/Xilinx/Vivado/2023.2/lib/lnx64.o/libtcl8.5.so(+0x3356f) [0x700ce0a3356f]
/tools/Xilinx/Vivado/2023.2/lib/lnx64.o/libtcl8.5.so(+0x76945) [0x700ce0a76945]
/tools/Xilinx/Vivado/2023.2/lib/lnx64.o/libtcl8.5.so(+0x7e0f9) [0x700ce0a7e0f9]
/tools/Xilinx/Vivado/2023.2/lib/lnx64.o/libtcl8.5.so(TclEvalObjEx+0x76) [0x700ce0a35216]
/tools/Xilinx/Vivado/2023.2/lib/lnx64.o/librdi_common.so(+0xd7b3b3) [0x700ce677b3b3]
/tools/Xilinx/Vivado/2023.2/lib/lnx64.o/libtcl8.5.so(Tcl_ServiceEvent+0x7f) [0x700ce0aa7bef]
/tools/Xilinx/Vivado/2023.2/lib/lnx64.o/libtcl8.5.so(Tcl_DoOneEvent+0x154) [0x700ce0aa7f24]
/tools/Xilinx/Vivado/2023.2/lib/lnx64.o/librdi_commontasks.so(+0x2bdc07) [0x700cd96bdc07]
/tools/Xilinx/Vivado/2023.2/lib/lnx64.o/librdi_commontasks.so(+0x2c689e) [0x700cd96c689e]
/tools/Xilinx/Vivado/2023.2/lib/lnx64.o/librdi_commontasks.so(+0x2c717f) [0x700cd96c717f]
/tools/Xilinx/Vivado/2023.2/lib/lnx64.o/librdi_common.so(+0xd7d9bf) [0x700ce677d9bf]
/tools/Xilinx/Vivado/2023.2/lib/lnx64.o/libtcl8.5.so(+0x3356f) [0x700ce0a3356f]
/tools/Xilinx/Vivado/2023.2/lib/lnx64.o/libtcl8.5.so(+0x76945) [0x700ce0a76945]
/tools/Xilinx/Vivado/2023.2/lib/lnx64.o/libtcl8.5.so(+0x7e0f9) [0x700ce0a7e0f9]
/tools/Xilinx/Vivado/2023.2/lib/lnx64.o/libtcl8.5.so(TclEvalObjEx+0x76) [0x700ce0a35216]
/tools/Xilinx/Vivado/2023.2/lib/lnx64.o/librdi_commonmain.so(+0xe752) [0x700ce741f752]
/tools/Xilinx/Vivado/2023.2/lib/lnx64.o/libtcl8.5.so(Tcl_Main+0x1d0) [0x700ce0aa02f0]
/tools/Xilinx/Vivado/2023.2/lib/lnx64.o/librdi_common.so(+0xda6f7b) [0x700ce67a6f7b]
/lib/x86_64-linux-gnu/libc.so.6(+0xa1e2e) [0x700ce4ea1e2e]
/lib/x86_64-linux-gnu/libc.so.6(+0x133a4c) [0x700ce4f33a4c]
