 
****************************************
Report : area
Design : ascon_top
Version: R-2020.09-SP2
Date   : Wed Jun  4 17:38:41 2025
****************************************

Information: Updating design information... (UID-85)
Warning: Design 'ascon_top' contains 1 high-fanout nets. A fanout number of 1000 will be used for delay calculations involving these nets. (TIM-134)
Library(s) Used:

    tcbn65lplvttc (File: /software/dk/tsmc65/digital/Front_End/timing_power_noise/NLDM/tcbn65lplvt_220a/tcbn65lplvttc.db)

Number of ports:                         4683
Number of nets:                         21170
Number of cells:                        16768
Number of combinational cells:          12334
Number of sequential cells:              4423
Number of macros/black boxes:               0
Number of buf/inv:                       1490
Number of references:                      80

Combinational area:              34690.320268
Buf/Inv area:                     1683.000064
Noncombinational area:           35785.800326
Macro/Black Box area:                0.000000
Net Interconnect area:      undefined  (Wire load has zero net area)

Total cell area:                 70476.120595
Total area:                 undefined
1
