
                           Design Compiler Graphical 
                                 DC Ultra (TM)
                                  DFTMAX (TM)
                              Power Compiler (TM)
                                 DesignWare (R)
                                 DC Expert (TM)
                               Design Vision (TM)
                               HDL Compiler (TM)
                               VHDL Compiler (TM)
                                  DFT Compiler
                               Design Compiler(R)

               Version R-2020.09-SP2 for linux64 - Dec 03, 2020 

                    Copyright (c) 1988 - 2020 Synopsys, Inc.
   This software and the associated documentation are proprietary to Synopsys,
 Inc. This software may only be used in accordance with the terms and conditions
 of a written license agreement with Synopsys, Inc. All other use, reproduction,
            or distribution of this software is strictly prohibited.
Initializing...
Error: could not open script file "/home/thesis/nico.paninforni/progetti_hdl/myAscon128-A/synth/reports/synth.tcl" (CMD-015)
Warning: Cannot use command line editor for terminal type 'xterm-256color'.  (UI-74)
dc_shell> 
Memory usage for this session 59 Mbytes.
Memory usage for this session including child processes 59 Mbytes.
CPU usage for this session 1 seconds ( 0.00 hours ).
Elapsed time for this session 72 seconds ( 0.02 hours ).

Thank you...
