 
****************************************
Report : area
Design : ascon_top
Version: R-2020.09-SP2
Date   : Fri Jun 13 00:51:15 2025
****************************************

Information: Updating design information... (UID-85)
Warning: Design 'ascon_top' contains 1 high-fanout nets. A fanout number of 1000 will be used for delay calculations involving these nets. (TIM-134)
Library(s) Used:

    tcbn65lplvttc (File: /software/dk/tsmc65/digital/Front_End/timing_power_noise/NLDM/tcbn65lplvt_220a/tcbn65lplvttc.db)

Number of ports:                         5099
Number of nets:                         24012
Number of cells:                        19549
Number of combinational cells:          15083
Number of sequential cells:              4454
Number of macros/black boxes:               0
Number of buf/inv:                       1605
Number of references:                      87

Combinational area:              42829.560497
Buf/Inv area:                     1829.880071
Noncombinational area:           31039.560678
Macro/Black Box area:                0.000000
Net Interconnect area:      undefined  (Wire load has zero net area)

Total cell area:                 73869.121175
Total area:                 undefined
1
