 
****************************************
check_design summary:
Version:     R-2020.09-SP2
Date:        Thu Jul 10 18:16:31 2025
****************************************

                   Name                                            Total
--------------------------------------------------------------------------------
Inputs/Outputs                                                    210
    Feedthrough (LINT-29)                                          90
    Shorted outputs (LINT-31)                                     120

Cells                                                             107
    Cells do not drive (LINT-1)                                    10
    Connected to power or ground (LINT-32)                         96
    Nets connected to multiple pins on same cell (LINT-33)          1
--------------------------------------------------------------------------------

Warning: In design 'ascon_top', cell 'C3614' does not drive any nets. (LINT-1)
Warning: In design 'fsm', cell 'C957' does not drive any nets. (LINT-1)
Warning: In design 'fsm', cell 'C966' does not drive any nets. (LINT-1)
Warning: In design 'fsm', cell 'C971' does not drive any nets. (LINT-1)
Warning: In design 'fsm', cell 'B_65' does not drive any nets. (LINT-1)
Warning: In design 'fsm', cell 'B_66' does not drive any nets. (LINT-1)
Warning: In design 'fsm', cell 'B_67' does not drive any nets. (LINT-1)
Warning: In design 'fsm', cell 'B_68' does not drive any nets. (LINT-1)
Warning: In design 'fsm', cell 'C1197' does not drive any nets. (LINT-1)
Warning: In design 'fsm', cell 'C1215' does not drive any nets. (LINT-1)
Warning: In design 'shareCreator', input port 'random_masks[89]' is connected directly to output port 'shares_out[119]'. (LINT-29)
Warning: In design 'shareCreator', input port 'random_masks[88]' is connected directly to output port 'shares_out[118]'. (LINT-29)
Warning: In design 'shareCreator', input port 'random_masks[87]' is connected directly to output port 'shares_out[117]'. (LINT-29)
Warning: In design 'shareCreator', input port 'random_masks[86]' is connected directly to output port 'shares_out[116]'. (LINT-29)
Warning: In design 'shareCreator', input port 'random_masks[85]' is connected directly to output port 'shares_out[115]'. (LINT-29)
Warning: In design 'shareCreator', input port 'random_masks[84]' is connected directly to output port 'shares_out[114]'. (LINT-29)
Warning: In design 'shareCreator', input port 'random_masks[83]' is connected directly to output port 'shares_out[113]'. (LINT-29)
Warning: In design 'shareCreator', input port 'random_masks[82]' is connected directly to output port 'shares_out[112]'. (LINT-29)
Warning: In design 'shareCreator', input port 'random_masks[81]' is connected directly to output port 'shares_out[111]'. (LINT-29)
Warning: In design 'shareCreator', input port 'random_masks[80]' is connected directly to output port 'shares_out[110]'. (LINT-29)
Warning: In design 'shareCreator', input port 'random_masks[79]' is connected directly to output port 'shares_out[109]'. (LINT-29)
Warning: In design 'shareCreator', input port 'random_masks[78]' is connected directly to output port 'shares_out[108]'. (LINT-29)
Warning: In design 'shareCreator', input port 'random_masks[77]' is connected directly to output port 'shares_out[107]'. (LINT-29)
Warning: In design 'shareCreator', input port 'random_masks[76]' is connected directly to output port 'shares_out[106]'. (LINT-29)
Warning: In design 'shareCreator', input port 'random_masks[75]' is connected directly to output port 'shares_out[105]'. (LINT-29)
Warning: In design 'shareCreator', input port 'random_masks[74]' is connected directly to output port 'shares_out[104]'. (LINT-29)
Warning: In design 'shareCreator', input port 'random_masks[73]' is connected directly to output port 'shares_out[103]'. (LINT-29)
Warning: In design 'shareCreator', input port 'random_masks[72]' is connected directly to output port 'shares_out[102]'. (LINT-29)
Warning: In design 'shareCreator', input port 'random_masks[71]' is connected directly to output port 'shares_out[101]'. (LINT-29)
Warning: In design 'shareCreator', input port 'random_masks[70]' is connected directly to output port 'shares_out[100]'. (LINT-29)
Warning: In design 'shareCreator', input port 'random_masks[69]' is connected directly to output port 'shares_out[99]'. (LINT-29)
Warning: In design 'shareCreator', input port 'random_masks[68]' is connected directly to output port 'shares_out[98]'. (LINT-29)
Warning: In design 'shareCreator', input port 'random_masks[67]' is connected directly to output port 'shares_out[97]'. (LINT-29)
Warning: In design 'shareCreator', input port 'random_masks[66]' is connected directly to output port 'shares_out[96]'. (LINT-29)
Warning: In design 'shareCreator', input port 'random_masks[65]' is connected directly to output port 'shares_out[95]'. (LINT-29)
Warning: In design 'shareCreator', input port 'random_masks[64]' is connected directly to output port 'shares_out[94]'. (LINT-29)
Warning: In design 'shareCreator', input port 'random_masks[63]' is connected directly to output port 'shares_out[93]'. (LINT-29)
Warning: In design 'shareCreator', input port 'random_masks[62]' is connected directly to output port 'shares_out[92]'. (LINT-29)
Warning: In design 'shareCreator', input port 'random_masks[61]' is connected directly to output port 'shares_out[91]'. (LINT-29)
Warning: In design 'shareCreator', input port 'random_masks[60]' is connected directly to output port 'shares_out[90]'. (LINT-29)
Warning: In design 'shareCreator', input port 'random_masks[59]' is connected directly to output port 'shares_out[89]'. (LINT-29)
Warning: In design 'shareCreator', input port 'random_masks[58]' is connected directly to output port 'shares_out[88]'. (LINT-29)
Warning: In design 'shareCreator', input port 'random_masks[57]' is connected directly to output port 'shares_out[87]'. (LINT-29)
Warning: In design 'shareCreator', input port 'random_masks[56]' is connected directly to output port 'shares_out[86]'. (LINT-29)
Warning: In design 'shareCreator', input port 'random_masks[55]' is connected directly to output port 'shares_out[85]'. (LINT-29)
Warning: In design 'shareCreator', input port 'random_masks[54]' is connected directly to output port 'shares_out[84]'. (LINT-29)
Warning: In design 'shareCreator', input port 'random_masks[53]' is connected directly to output port 'shares_out[83]'. (LINT-29)
Warning: In design 'shareCreator', input port 'random_masks[52]' is connected directly to output port 'shares_out[82]'. (LINT-29)
Warning: In design 'shareCreator', input port 'random_masks[51]' is connected directly to output port 'shares_out[81]'. (LINT-29)
Warning: In design 'shareCreator', input port 'random_masks[50]' is connected directly to output port 'shares_out[80]'. (LINT-29)
Warning: In design 'shareCreator', input port 'random_masks[49]' is connected directly to output port 'shares_out[79]'. (LINT-29)
Warning: In design 'shareCreator', input port 'random_masks[48]' is connected directly to output port 'shares_out[78]'. (LINT-29)
Warning: In design 'shareCreator', input port 'random_masks[47]' is connected directly to output port 'shares_out[77]'. (LINT-29)
Warning: In design 'shareCreator', input port 'random_masks[46]' is connected directly to output port 'shares_out[76]'. (LINT-29)
Warning: In design 'shareCreator', input port 'random_masks[45]' is connected directly to output port 'shares_out[75]'. (LINT-29)
Warning: In design 'shareCreator', input port 'random_masks[44]' is connected directly to output port 'shares_out[74]'. (LINT-29)
Warning: In design 'shareCreator', input port 'random_masks[43]' is connected directly to output port 'shares_out[73]'. (LINT-29)
Warning: In design 'shareCreator', input port 'random_masks[42]' is connected directly to output port 'shares_out[72]'. (LINT-29)
Warning: In design 'shareCreator', input port 'random_masks[41]' is connected directly to output port 'shares_out[71]'. (LINT-29)
Warning: In design 'shareCreator', input port 'random_masks[40]' is connected directly to output port 'shares_out[70]'. (LINT-29)
Warning: In design 'shareCreator', input port 'random_masks[39]' is connected directly to output port 'shares_out[69]'. (LINT-29)
Warning: In design 'shareCreator', input port 'random_masks[38]' is connected directly to output port 'shares_out[68]'. (LINT-29)
Warning: In design 'shareCreator', input port 'random_masks[37]' is connected directly to output port 'shares_out[67]'. (LINT-29)
Warning: In design 'shareCreator', input port 'random_masks[36]' is connected directly to output port 'shares_out[66]'. (LINT-29)
Warning: In design 'shareCreator', input port 'random_masks[35]' is connected directly to output port 'shares_out[65]'. (LINT-29)
Warning: In design 'shareCreator', input port 'random_masks[34]' is connected directly to output port 'shares_out[64]'. (LINT-29)
Warning: In design 'shareCreator', input port 'random_masks[33]' is connected directly to output port 'shares_out[63]'. (LINT-29)
Warning: In design 'shareCreator', input port 'random_masks[32]' is connected directly to output port 'shares_out[62]'. (LINT-29)
Warning: In design 'shareCreator', input port 'random_masks[31]' is connected directly to output port 'shares_out[61]'. (LINT-29)
Warning: In design 'shareCreator', input port 'random_masks[30]' is connected directly to output port 'shares_out[60]'. (LINT-29)
Warning: In design 'shareCreator', input port 'random_masks[29]' is connected directly to output port 'shares_out[59]'. (LINT-29)
Warning: In design 'shareCreator', input port 'random_masks[28]' is connected directly to output port 'shares_out[58]'. (LINT-29)
Warning: In design 'shareCreator', input port 'random_masks[27]' is connected directly to output port 'shares_out[57]'. (LINT-29)
Warning: In design 'shareCreator', input port 'random_masks[26]' is connected directly to output port 'shares_out[56]'. (LINT-29)
Warning: In design 'shareCreator', input port 'random_masks[25]' is connected directly to output port 'shares_out[55]'. (LINT-29)
Warning: In design 'shareCreator', input port 'random_masks[24]' is connected directly to output port 'shares_out[54]'. (LINT-29)
Warning: In design 'shareCreator', input port 'random_masks[23]' is connected directly to output port 'shares_out[53]'. (LINT-29)
Warning: In design 'shareCreator', input port 'random_masks[22]' is connected directly to output port 'shares_out[52]'. (LINT-29)
Warning: In design 'shareCreator', input port 'random_masks[21]' is connected directly to output port 'shares_out[51]'. (LINT-29)
Warning: In design 'shareCreator', input port 'random_masks[20]' is connected directly to output port 'shares_out[50]'. (LINT-29)
Warning: In design 'shareCreator', input port 'random_masks[19]' is connected directly to output port 'shares_out[49]'. (LINT-29)
Warning: In design 'shareCreator', input port 'random_masks[18]' is connected directly to output port 'shares_out[48]'. (LINT-29)
Warning: In design 'shareCreator', input port 'random_masks[17]' is connected directly to output port 'shares_out[47]'. (LINT-29)
Warning: In design 'shareCreator', input port 'random_masks[16]' is connected directly to output port 'shares_out[46]'. (LINT-29)
Warning: In design 'shareCreator', input port 'random_masks[15]' is connected directly to output port 'shares_out[45]'. (LINT-29)
Warning: In design 'shareCreator', input port 'random_masks[14]' is connected directly to output port 'shares_out[44]'. (LINT-29)
Warning: In design 'shareCreator', input port 'random_masks[13]' is connected directly to output port 'shares_out[43]'. (LINT-29)
Warning: In design 'shareCreator', input port 'random_masks[12]' is connected directly to output port 'shares_out[42]'. (LINT-29)
Warning: In design 'shareCreator', input port 'random_masks[11]' is connected directly to output port 'shares_out[41]'. (LINT-29)
Warning: In design 'shareCreator', input port 'random_masks[10]' is connected directly to output port 'shares_out[40]'. (LINT-29)
Warning: In design 'shareCreator', input port 'random_masks[9]' is connected directly to output port 'shares_out[39]'. (LINT-29)
Warning: In design 'shareCreator', input port 'random_masks[8]' is connected directly to output port 'shares_out[38]'. (LINT-29)
Warning: In design 'shareCreator', input port 'random_masks[7]' is connected directly to output port 'shares_out[37]'. (LINT-29)
Warning: In design 'shareCreator', input port 'random_masks[6]' is connected directly to output port 'shares_out[36]'. (LINT-29)
Warning: In design 'shareCreator', input port 'random_masks[5]' is connected directly to output port 'shares_out[35]'. (LINT-29)
Warning: In design 'shareCreator', input port 'random_masks[4]' is connected directly to output port 'shares_out[34]'. (LINT-29)
Warning: In design 'shareCreator', input port 'random_masks[3]' is connected directly to output port 'shares_out[33]'. (LINT-29)
Warning: In design 'shareCreator', input port 'random_masks[2]' is connected directly to output port 'shares_out[32]'. (LINT-29)
Warning: In design 'shareCreator', input port 'random_masks[1]' is connected directly to output port 'shares_out[31]'. (LINT-29)
Warning: In design 'shareCreator', input port 'random_masks[0]' is connected directly to output port 'shares_out[30]'. (LINT-29)
Warning: In design 'state_register', output port 'out_shifted_dplus1[119]' is connected directly to output port 'data_out[279]'. (LINT-31)
Warning: In design 'state_register', output port 'out_shifted_dplus1[118]' is connected directly to output port 'data_out[278]'. (LINT-31)
Warning: In design 'state_register', output port 'out_shifted_dplus1[117]' is connected directly to output port 'data_out[277]'. (LINT-31)
Warning: In design 'state_register', output port 'out_shifted_dplus1[116]' is connected directly to output port 'data_out[276]'. (LINT-31)
Warning: In design 'state_register', output port 'out_shifted_dplus1[115]' is connected directly to output port 'data_out[275]'. (LINT-31)
Warning: In design 'state_register', output port 'out_shifted_dplus1[114]' is connected directly to output port 'data_out[274]'. (LINT-31)
Warning: In design 'state_register', output port 'out_shifted_dplus1[113]' is connected directly to output port 'data_out[273]'. (LINT-31)
Warning: In design 'state_register', output port 'out_shifted_dplus1[112]' is connected directly to output port 'data_out[272]'. (LINT-31)
Warning: In design 'state_register', output port 'out_shifted_dplus1[111]' is connected directly to output port 'data_out[271]'. (LINT-31)
Warning: In design 'state_register', output port 'out_shifted_dplus1[110]' is connected directly to output port 'data_out[270]'. (LINT-31)
Warning: In design 'state_register', output port 'out_shifted_dplus1[109]' is connected directly to output port 'data_out[269]'. (LINT-31)
Warning: In design 'state_register', output port 'out_shifted_dplus1[108]' is connected directly to output port 'data_out[268]'. (LINT-31)
Warning: In design 'state_register', output port 'out_shifted_dplus1[107]' is connected directly to output port 'data_out[267]'. (LINT-31)
Warning: In design 'state_register', output port 'out_shifted_dplus1[106]' is connected directly to output port 'data_out[266]'. (LINT-31)
Warning: In design 'state_register', output port 'out_shifted_dplus1[105]' is connected directly to output port 'data_out[265]'. (LINT-31)
Warning: In design 'state_register', output port 'out_shifted_dplus1[104]' is connected directly to output port 'data_out[264]'. (LINT-31)
Warning: In design 'state_register', output port 'out_shifted_dplus1[103]' is connected directly to output port 'data_out[263]'. (LINT-31)
Warning: In design 'state_register', output port 'out_shifted_dplus1[102]' is connected directly to output port 'data_out[262]'. (LINT-31)
Warning: In design 'state_register', output port 'out_shifted_dplus1[101]' is connected directly to output port 'data_out[261]'. (LINT-31)
Warning: In design 'state_register', output port 'out_shifted_dplus1[100]' is connected directly to output port 'data_out[260]'. (LINT-31)
Warning: In design 'state_register', output port 'out_shifted_dplus1[99]' is connected directly to output port 'data_out[259]'. (LINT-31)
Warning: In design 'state_register', output port 'out_shifted_dplus1[98]' is connected directly to output port 'data_out[258]'. (LINT-31)
Warning: In design 'state_register', output port 'out_shifted_dplus1[97]' is connected directly to output port 'data_out[257]'. (LINT-31)
Warning: In design 'state_register', output port 'out_shifted_dplus1[96]' is connected directly to output port 'data_out[256]'. (LINT-31)
Warning: In design 'state_register', output port 'out_shifted_dplus1[95]' is connected directly to output port 'data_out[215]'. (LINT-31)
Warning: In design 'state_register', output port 'out_shifted_dplus1[94]' is connected directly to output port 'data_out[214]'. (LINT-31)
Warning: In design 'state_register', output port 'out_shifted_dplus1[93]' is connected directly to output port 'data_out[213]'. (LINT-31)
Warning: In design 'state_register', output port 'out_shifted_dplus1[92]' is connected directly to output port 'data_out[212]'. (LINT-31)
Warning: In design 'state_register', output port 'out_shifted_dplus1[91]' is connected directly to output port 'data_out[211]'. (LINT-31)
Warning: In design 'state_register', output port 'out_shifted_dplus1[90]' is connected directly to output port 'data_out[210]'. (LINT-31)
Warning: In design 'state_register', output port 'out_shifted_dplus1[89]' is connected directly to output port 'data_out[209]'. (LINT-31)
Warning: In design 'state_register', output port 'out_shifted_dplus1[88]' is connected directly to output port 'data_out[208]'. (LINT-31)
Warning: In design 'state_register', output port 'out_shifted_dplus1[87]' is connected directly to output port 'data_out[207]'. (LINT-31)
Warning: In design 'state_register', output port 'out_shifted_dplus1[86]' is connected directly to output port 'data_out[206]'. (LINT-31)
Warning: In design 'state_register', output port 'out_shifted_dplus1[85]' is connected directly to output port 'data_out[205]'. (LINT-31)
Warning: In design 'state_register', output port 'out_shifted_dplus1[84]' is connected directly to output port 'data_out[204]'. (LINT-31)
Warning: In design 'state_register', output port 'out_shifted_dplus1[83]' is connected directly to output port 'data_out[203]'. (LINT-31)
Warning: In design 'state_register', output port 'out_shifted_dplus1[82]' is connected directly to output port 'data_out[202]'. (LINT-31)
Warning: In design 'state_register', output port 'out_shifted_dplus1[81]' is connected directly to output port 'data_out[201]'. (LINT-31)
Warning: In design 'state_register', output port 'out_shifted_dplus1[80]' is connected directly to output port 'data_out[200]'. (LINT-31)
Warning: In design 'state_register', output port 'out_shifted_dplus1[79]' is connected directly to output port 'data_out[199]'. (LINT-31)
Warning: In design 'state_register', output port 'out_shifted_dplus1[78]' is connected directly to output port 'data_out[198]'. (LINT-31)
Warning: In design 'state_register', output port 'out_shifted_dplus1[77]' is connected directly to output port 'data_out[197]'. (LINT-31)
Warning: In design 'state_register', output port 'out_shifted_dplus1[76]' is connected directly to output port 'data_out[196]'. (LINT-31)
Warning: In design 'state_register', output port 'out_shifted_dplus1[75]' is connected directly to output port 'data_out[195]'. (LINT-31)
Warning: In design 'state_register', output port 'out_shifted_dplus1[74]' is connected directly to output port 'data_out[194]'. (LINT-31)
Warning: In design 'state_register', output port 'out_shifted_dplus1[73]' is connected directly to output port 'data_out[193]'. (LINT-31)
Warning: In design 'state_register', output port 'out_shifted_dplus1[72]' is connected directly to output port 'data_out[192]'. (LINT-31)
Warning: In design 'state_register', output port 'out_shifted_dplus1[71]' is connected directly to output port 'data_out[151]'. (LINT-31)
Warning: In design 'state_register', output port 'out_shifted_dplus1[70]' is connected directly to output port 'data_out[150]'. (LINT-31)
Warning: In design 'state_register', output port 'out_shifted_dplus1[69]' is connected directly to output port 'data_out[149]'. (LINT-31)
Warning: In design 'state_register', output port 'out_shifted_dplus1[68]' is connected directly to output port 'data_out[148]'. (LINT-31)
Warning: In design 'state_register', output port 'out_shifted_dplus1[67]' is connected directly to output port 'data_out[147]'. (LINT-31)
Warning: In design 'state_register', output port 'out_shifted_dplus1[66]' is connected directly to output port 'data_out[146]'. (LINT-31)
Warning: In design 'state_register', output port 'out_shifted_dplus1[65]' is connected directly to output port 'data_out[145]'. (LINT-31)
Warning: In design 'state_register', output port 'out_shifted_dplus1[64]' is connected directly to output port 'data_out[144]'. (LINT-31)
Warning: In design 'state_register', output port 'out_shifted_dplus1[63]' is connected directly to output port 'data_out[143]'. (LINT-31)
Warning: In design 'state_register', output port 'out_shifted_dplus1[62]' is connected directly to output port 'data_out[142]'. (LINT-31)
Warning: In design 'state_register', output port 'out_shifted_dplus1[61]' is connected directly to output port 'data_out[141]'. (LINT-31)
Warning: In design 'state_register', output port 'out_shifted_dplus1[60]' is connected directly to output port 'data_out[140]'. (LINT-31)
Warning: In design 'state_register', output port 'out_shifted_dplus1[59]' is connected directly to output port 'data_out[139]'. (LINT-31)
Warning: In design 'state_register', output port 'out_shifted_dplus1[58]' is connected directly to output port 'data_out[138]'. (LINT-31)
Warning: In design 'state_register', output port 'out_shifted_dplus1[57]' is connected directly to output port 'data_out[137]'. (LINT-31)
Warning: In design 'state_register', output port 'out_shifted_dplus1[56]' is connected directly to output port 'data_out[136]'. (LINT-31)
Warning: In design 'state_register', output port 'out_shifted_dplus1[55]' is connected directly to output port 'data_out[135]'. (LINT-31)
Warning: In design 'state_register', output port 'out_shifted_dplus1[54]' is connected directly to output port 'data_out[134]'. (LINT-31)
Warning: In design 'state_register', output port 'out_shifted_dplus1[53]' is connected directly to output port 'data_out[133]'. (LINT-31)
Warning: In design 'state_register', output port 'out_shifted_dplus1[52]' is connected directly to output port 'data_out[132]'. (LINT-31)
Warning: In design 'state_register', output port 'out_shifted_dplus1[51]' is connected directly to output port 'data_out[131]'. (LINT-31)
Warning: In design 'state_register', output port 'out_shifted_dplus1[50]' is connected directly to output port 'data_out[130]'. (LINT-31)
Warning: In design 'state_register', output port 'out_shifted_dplus1[49]' is connected directly to output port 'data_out[129]'. (LINT-31)
Warning: In design 'state_register', output port 'out_shifted_dplus1[48]' is connected directly to output port 'data_out[128]'. (LINT-31)
Warning: In design 'state_register', output port 'out_shifted_dplus1[47]' is connected directly to output port 'data_out[87]'. (LINT-31)
Warning: In design 'state_register', output port 'out_shifted_dplus1[46]' is connected directly to output port 'data_out[86]'. (LINT-31)
Warning: In design 'state_register', output port 'out_shifted_dplus1[45]' is connected directly to output port 'data_out[85]'. (LINT-31)
Warning: In design 'state_register', output port 'out_shifted_dplus1[44]' is connected directly to output port 'data_out[84]'. (LINT-31)
Warning: In design 'state_register', output port 'out_shifted_dplus1[43]' is connected directly to output port 'data_out[83]'. (LINT-31)
Warning: In design 'state_register', output port 'out_shifted_dplus1[42]' is connected directly to output port 'data_out[82]'. (LINT-31)
Warning: In design 'state_register', output port 'out_shifted_dplus1[41]' is connected directly to output port 'data_out[81]'. (LINT-31)
Warning: In design 'state_register', output port 'out_shifted_dplus1[40]' is connected directly to output port 'data_out[80]'. (LINT-31)
Warning: In design 'state_register', output port 'out_shifted_dplus1[39]' is connected directly to output port 'data_out[79]'. (LINT-31)
Warning: In design 'state_register', output port 'out_shifted_dplus1[38]' is connected directly to output port 'data_out[78]'. (LINT-31)
Warning: In design 'state_register', output port 'out_shifted_dplus1[37]' is connected directly to output port 'data_out[77]'. (LINT-31)
Warning: In design 'state_register', output port 'out_shifted_dplus1[36]' is connected directly to output port 'data_out[76]'. (LINT-31)
Warning: In design 'state_register', output port 'out_shifted_dplus1[35]' is connected directly to output port 'data_out[75]'. (LINT-31)
Warning: In design 'state_register', output port 'out_shifted_dplus1[34]' is connected directly to output port 'data_out[74]'. (LINT-31)
Warning: In design 'state_register', output port 'out_shifted_dplus1[33]' is connected directly to output port 'data_out[73]'. (LINT-31)
Warning: In design 'state_register', output port 'out_shifted_dplus1[32]' is connected directly to output port 'data_out[72]'. (LINT-31)
Warning: In design 'state_register', output port 'out_shifted_dplus1[31]' is connected directly to output port 'data_out[71]'. (LINT-31)
Warning: In design 'state_register', output port 'out_shifted_dplus1[30]' is connected directly to output port 'data_out[70]'. (LINT-31)
Warning: In design 'state_register', output port 'out_shifted_dplus1[29]' is connected directly to output port 'data_out[69]'. (LINT-31)
Warning: In design 'state_register', output port 'out_shifted_dplus1[28]' is connected directly to output port 'data_out[68]'. (LINT-31)
Warning: In design 'state_register', output port 'out_shifted_dplus1[27]' is connected directly to output port 'data_out[67]'. (LINT-31)
Warning: In design 'state_register', output port 'out_shifted_dplus1[26]' is connected directly to output port 'data_out[66]'. (LINT-31)
Warning: In design 'state_register', output port 'out_shifted_dplus1[25]' is connected directly to output port 'data_out[65]'. (LINT-31)
Warning: In design 'state_register', output port 'out_shifted_dplus1[24]' is connected directly to output port 'data_out[64]'. (LINT-31)
Warning: In design 'state_register', output port 'out_shifted_dplus1[23]' is connected directly to output port 'data_out[23]'. (LINT-31)
Warning: In design 'state_register', output port 'out_shifted_dplus1[22]' is connected directly to output port 'data_out[22]'. (LINT-31)
Warning: In design 'state_register', output port 'out_shifted_dplus1[21]' is connected directly to output port 'data_out[21]'. (LINT-31)
Warning: In design 'state_register', output port 'out_shifted_dplus1[20]' is connected directly to output port 'data_out[20]'. (LINT-31)
Warning: In design 'state_register', output port 'out_shifted_dplus1[19]' is connected directly to output port 'data_out[19]'. (LINT-31)
Warning: In design 'state_register', output port 'out_shifted_dplus1[18]' is connected directly to output port 'data_out[18]'. (LINT-31)
Warning: In design 'state_register', output port 'out_shifted_dplus1[17]' is connected directly to output port 'data_out[17]'. (LINT-31)
Warning: In design 'state_register', output port 'out_shifted_dplus1[16]' is connected directly to output port 'data_out[16]'. (LINT-31)
Warning: In design 'state_register', output port 'out_shifted_dplus1[15]' is connected directly to output port 'data_out[15]'. (LINT-31)
Warning: In design 'state_register', output port 'out_shifted_dplus1[14]' is connected directly to output port 'data_out[14]'. (LINT-31)
Warning: In design 'state_register', output port 'out_shifted_dplus1[13]' is connected directly to output port 'data_out[13]'. (LINT-31)
Warning: In design 'state_register', output port 'out_shifted_dplus1[12]' is connected directly to output port 'data_out[12]'. (LINT-31)
Warning: In design 'state_register', output port 'out_shifted_dplus1[11]' is connected directly to output port 'data_out[11]'. (LINT-31)
Warning: In design 'state_register', output port 'out_shifted_dplus1[10]' is connected directly to output port 'data_out[10]'. (LINT-31)
Warning: In design 'state_register', output port 'out_shifted_dplus1[9]' is connected directly to output port 'data_out[9]'. (LINT-31)
Warning: In design 'state_register', output port 'out_shifted_dplus1[8]' is connected directly to output port 'data_out[8]'. (LINT-31)
Warning: In design 'state_register', output port 'out_shifted_dplus1[7]' is connected directly to output port 'data_out[7]'. (LINT-31)
Warning: In design 'state_register', output port 'out_shifted_dplus1[6]' is connected directly to output port 'data_out[6]'. (LINT-31)
Warning: In design 'state_register', output port 'out_shifted_dplus1[5]' is connected directly to output port 'data_out[5]'. (LINT-31)
Warning: In design 'state_register', output port 'out_shifted_dplus1[4]' is connected directly to output port 'data_out[4]'. (LINT-31)
Warning: In design 'state_register', output port 'out_shifted_dplus1[3]' is connected directly to output port 'data_out[3]'. (LINT-31)
Warning: In design 'state_register', output port 'out_shifted_dplus1[2]' is connected directly to output port 'data_out[2]'. (LINT-31)
Warning: In design 'state_register', output port 'out_shifted_dplus1[1]' is connected directly to output port 'data_out[1]'. (LINT-31)
Warning: In design 'state_register', output port 'out_shifted_dplus1[0]' is connected directly to output port 'data_out[0]'. (LINT-31)
Warning: In design 'ascon_top', a pin on submodule 'lfst_inst' is connected to logic 1 or logic 0. (LINT-32)
   Pin 'data_in[95]' is connected to logic 0. 
Warning: In design 'ascon_top', a pin on submodule 'lfst_inst' is connected to logic 1 or logic 0. (LINT-32)
   Pin 'data_in[94]' is connected to logic 0. 
Warning: In design 'ascon_top', a pin on submodule 'lfst_inst' is connected to logic 1 or logic 0. (LINT-32)
   Pin 'data_in[93]' is connected to logic 0. 
Warning: In design 'ascon_top', a pin on submodule 'lfst_inst' is connected to logic 1 or logic 0. (LINT-32)
   Pin 'data_in[92]' is connected to logic 0. 
Warning: In design 'ascon_top', a pin on submodule 'lfst_inst' is connected to logic 1 or logic 0. (LINT-32)
   Pin 'data_in[91]' is connected to logic 0. 
Warning: In design 'ascon_top', a pin on submodule 'lfst_inst' is connected to logic 1 or logic 0. (LINT-32)
   Pin 'data_in[90]' is connected to logic 0. 
Warning: In design 'ascon_top', a pin on submodule 'lfst_inst' is connected to logic 1 or logic 0. (LINT-32)
   Pin 'data_in[89]' is connected to logic 0. 
Warning: In design 'ascon_top', a pin on submodule 'lfst_inst' is connected to logic 1 or logic 0. (LINT-32)
   Pin 'data_in[88]' is connected to logic 0. 
Warning: In design 'ascon_top', a pin on submodule 'lfst_inst' is connected to logic 1 or logic 0. (LINT-32)
   Pin 'data_in[87]' is connected to logic 0. 
Warning: In design 'ascon_top', a pin on submodule 'lfst_inst' is connected to logic 1 or logic 0. (LINT-32)
   Pin 'data_in[86]' is connected to logic 0. 
Warning: In design 'ascon_top', a pin on submodule 'lfst_inst' is connected to logic 1 or logic 0. (LINT-32)
   Pin 'data_in[85]' is connected to logic 0. 
Warning: In design 'ascon_top', a pin on submodule 'lfst_inst' is connected to logic 1 or logic 0. (LINT-32)
   Pin 'data_in[84]' is connected to logic 0. 
Warning: In design 'ascon_top', a pin on submodule 'lfst_inst' is connected to logic 1 or logic 0. (LINT-32)
   Pin 'data_in[83]' is connected to logic 0. 
Warning: In design 'ascon_top', a pin on submodule 'lfst_inst' is connected to logic 1 or logic 0. (LINT-32)
   Pin 'data_in[82]' is connected to logic 0. 
Warning: In design 'ascon_top', a pin on submodule 'lfst_inst' is connected to logic 1 or logic 0. (LINT-32)
   Pin 'data_in[81]' is connected to logic 0. 
Warning: In design 'ascon_top', a pin on submodule 'lfst_inst' is connected to logic 1 or logic 0. (LINT-32)
   Pin 'data_in[80]' is connected to logic 0. 
Warning: In design 'ascon_top', a pin on submodule 'lfst_inst' is connected to logic 1 or logic 0. (LINT-32)
   Pin 'data_in[79]' is connected to logic 0. 
Warning: In design 'ascon_top', a pin on submodule 'lfst_inst' is connected to logic 1 or logic 0. (LINT-32)
   Pin 'data_in[78]' is connected to logic 0. 
Warning: In design 'ascon_top', a pin on submodule 'lfst_inst' is connected to logic 1 or logic 0. (LINT-32)
   Pin 'data_in[77]' is connected to logic 0. 
Warning: In design 'ascon_top', a pin on submodule 'lfst_inst' is connected to logic 1 or logic 0. (LINT-32)
   Pin 'data_in[76]' is connected to logic 0. 
Warning: In design 'ascon_top', a pin on submodule 'lfst_inst' is connected to logic 1 or logic 0. (LINT-32)
   Pin 'data_in[75]' is connected to logic 0. 
Warning: In design 'ascon_top', a pin on submodule 'lfst_inst' is connected to logic 1 or logic 0. (LINT-32)
   Pin 'data_in[74]' is connected to logic 0. 
Warning: In design 'ascon_top', a pin on submodule 'lfst_inst' is connected to logic 1 or logic 0. (LINT-32)
   Pin 'data_in[73]' is connected to logic 0. 
Warning: In design 'ascon_top', a pin on submodule 'lfst_inst' is connected to logic 1 or logic 0. (LINT-32)
   Pin 'data_in[72]' is connected to logic 0. 
Warning: In design 'ascon_top', a pin on submodule 'lfst_inst' is connected to logic 1 or logic 0. (LINT-32)
   Pin 'data_in[71]' is connected to logic 0. 
Warning: In design 'ascon_top', a pin on submodule 'lfst_inst' is connected to logic 1 or logic 0. (LINT-32)
   Pin 'data_in[70]' is connected to logic 0. 
Warning: In design 'ascon_top', a pin on submodule 'lfst_inst' is connected to logic 1 or logic 0. (LINT-32)
   Pin 'data_in[69]' is connected to logic 0. 
Warning: In design 'ascon_top', a pin on submodule 'lfst_inst' is connected to logic 1 or logic 0. (LINT-32)
   Pin 'data_in[68]' is connected to logic 0. 
Warning: In design 'ascon_top', a pin on submodule 'lfst_inst' is connected to logic 1 or logic 0. (LINT-32)
   Pin 'data_in[67]' is connected to logic 0. 
Warning: In design 'ascon_top', a pin on submodule 'lfst_inst' is connected to logic 1 or logic 0. (LINT-32)
   Pin 'data_in[66]' is connected to logic 0. 
Warning: In design 'ascon_top', a pin on submodule 'lfst_inst' is connected to logic 1 or logic 0. (LINT-32)
   Pin 'data_in[65]' is connected to logic 0. 
Warning: In design 'ascon_top', a pin on submodule 'lfst_inst' is connected to logic 1 or logic 0. (LINT-32)
   Pin 'data_in[64]' is connected to logic 0. 
Warning: In design 'ascon_top', a pin on submodule 'lfst_inst' is connected to logic 1 or logic 0. (LINT-32)
   Pin 'data_in[63]' is connected to logic 0. 
Warning: In design 'ascon_top', a pin on submodule 'lfst_inst' is connected to logic 1 or logic 0. (LINT-32)
   Pin 'data_in[62]' is connected to logic 0. 
Warning: In design 'ascon_top', a pin on submodule 'lfst_inst' is connected to logic 1 or logic 0. (LINT-32)
   Pin 'data_in[61]' is connected to logic 0. 
Warning: In design 'ascon_top', a pin on submodule 'lfst_inst' is connected to logic 1 or logic 0. (LINT-32)
   Pin 'data_in[60]' is connected to logic 0. 
Warning: In design 'ascon_top', a pin on submodule 'lfst_inst' is connected to logic 1 or logic 0. (LINT-32)
   Pin 'data_in[59]' is connected to logic 0. 
Warning: In design 'ascon_top', a pin on submodule 'lfst_inst' is connected to logic 1 or logic 0. (LINT-32)
   Pin 'data_in[58]' is connected to logic 0. 
Warning: In design 'ascon_top', a pin on submodule 'lfst_inst' is connected to logic 1 or logic 0. (LINT-32)
   Pin 'data_in[57]' is connected to logic 0. 
Warning: In design 'ascon_top', a pin on submodule 'lfst_inst' is connected to logic 1 or logic 0. (LINT-32)
   Pin 'data_in[56]' is connected to logic 0. 
Warning: In design 'ascon_top', a pin on submodule 'lfst_inst' is connected to logic 1 or logic 0. (LINT-32)
   Pin 'data_in[55]' is connected to logic 0. 
Warning: In design 'ascon_top', a pin on submodule 'lfst_inst' is connected to logic 1 or logic 0. (LINT-32)
   Pin 'data_in[54]' is connected to logic 0. 
Warning: In design 'ascon_top', a pin on submodule 'lfst_inst' is connected to logic 1 or logic 0. (LINT-32)
   Pin 'data_in[53]' is connected to logic 0. 
Warning: In design 'ascon_top', a pin on submodule 'lfst_inst' is connected to logic 1 or logic 0. (LINT-32)
   Pin 'data_in[52]' is connected to logic 0. 
Warning: In design 'ascon_top', a pin on submodule 'lfst_inst' is connected to logic 1 or logic 0. (LINT-32)
   Pin 'data_in[51]' is connected to logic 0. 
Warning: In design 'ascon_top', a pin on submodule 'lfst_inst' is connected to logic 1 or logic 0. (LINT-32)
   Pin 'data_in[50]' is connected to logic 0. 
Warning: In design 'ascon_top', a pin on submodule 'lfst_inst' is connected to logic 1 or logic 0. (LINT-32)
   Pin 'data_in[49]' is connected to logic 0. 
Warning: In design 'ascon_top', a pin on submodule 'lfst_inst' is connected to logic 1 or logic 0. (LINT-32)
   Pin 'data_in[48]' is connected to logic 0. 
Warning: In design 'ascon_top', a pin on submodule 'lfst_inst' is connected to logic 1 or logic 0. (LINT-32)
   Pin 'data_in[47]' is connected to logic 0. 
Warning: In design 'ascon_top', a pin on submodule 'lfst_inst' is connected to logic 1 or logic 0. (LINT-32)
   Pin 'data_in[46]' is connected to logic 0. 
Warning: In design 'ascon_top', a pin on submodule 'lfst_inst' is connected to logic 1 or logic 0. (LINT-32)
   Pin 'data_in[45]' is connected to logic 0. 
Warning: In design 'ascon_top', a pin on submodule 'lfst_inst' is connected to logic 1 or logic 0. (LINT-32)
   Pin 'data_in[44]' is connected to logic 0. 
Warning: In design 'ascon_top', a pin on submodule 'lfst_inst' is connected to logic 1 or logic 0. (LINT-32)
   Pin 'data_in[43]' is connected to logic 0. 
Warning: In design 'ascon_top', a pin on submodule 'lfst_inst' is connected to logic 1 or logic 0. (LINT-32)
   Pin 'data_in[42]' is connected to logic 0. 
Warning: In design 'ascon_top', a pin on submodule 'lfst_inst' is connected to logic 1 or logic 0. (LINT-32)
   Pin 'data_in[41]' is connected to logic 0. 
Warning: In design 'ascon_top', a pin on submodule 'lfst_inst' is connected to logic 1 or logic 0. (LINT-32)
   Pin 'data_in[40]' is connected to logic 0. 
Warning: In design 'ascon_top', a pin on submodule 'lfst_inst' is connected to logic 1 or logic 0. (LINT-32)
   Pin 'data_in[39]' is connected to logic 0. 
Warning: In design 'ascon_top', a pin on submodule 'lfst_inst' is connected to logic 1 or logic 0. (LINT-32)
   Pin 'data_in[38]' is connected to logic 0. 
Warning: In design 'ascon_top', a pin on submodule 'lfst_inst' is connected to logic 1 or logic 0. (LINT-32)
   Pin 'data_in[37]' is connected to logic 0. 
Warning: In design 'ascon_top', a pin on submodule 'lfst_inst' is connected to logic 1 or logic 0. (LINT-32)
   Pin 'data_in[36]' is connected to logic 0. 
Warning: In design 'ascon_top', a pin on submodule 'lfst_inst' is connected to logic 1 or logic 0. (LINT-32)
   Pin 'data_in[35]' is connected to logic 0. 
Warning: In design 'ascon_top', a pin on submodule 'lfst_inst' is connected to logic 1 or logic 0. (LINT-32)
   Pin 'data_in[34]' is connected to logic 0. 
Warning: In design 'ascon_top', a pin on submodule 'lfst_inst' is connected to logic 1 or logic 0. (LINT-32)
   Pin 'data_in[33]' is connected to logic 0. 
Warning: In design 'ascon_top', a pin on submodule 'lfst_inst' is connected to logic 1 or logic 0. (LINT-32)
   Pin 'data_in[32]' is connected to logic 0. 
Warning: In design 'ascon_top', a pin on submodule 'lfst_inst' is connected to logic 1 or logic 0. (LINT-32)
   Pin 'data_in[31]' is connected to logic 0. 
Warning: In design 'ascon_top', a pin on submodule 'lfst_inst' is connected to logic 1 or logic 0. (LINT-32)
   Pin 'data_in[30]' is connected to logic 0. 
Warning: In design 'ascon_top', a pin on submodule 'lfst_inst' is connected to logic 1 or logic 0. (LINT-32)
   Pin 'data_in[29]' is connected to logic 0. 
Warning: In design 'ascon_top', a pin on submodule 'lfst_inst' is connected to logic 1 or logic 0. (LINT-32)
   Pin 'data_in[28]' is connected to logic 0. 
Warning: In design 'ascon_top', a pin on submodule 'lfst_inst' is connected to logic 1 or logic 0. (LINT-32)
   Pin 'data_in[27]' is connected to logic 0. 
Warning: In design 'ascon_top', a pin on submodule 'lfst_inst' is connected to logic 1 or logic 0. (LINT-32)
   Pin 'data_in[26]' is connected to logic 0. 
Warning: In design 'ascon_top', a pin on submodule 'lfst_inst' is connected to logic 1 or logic 0. (LINT-32)
   Pin 'data_in[25]' is connected to logic 0. 
Warning: In design 'ascon_top', a pin on submodule 'lfst_inst' is connected to logic 1 or logic 0. (LINT-32)
   Pin 'data_in[24]' is connected to logic 0. 
Warning: In design 'ascon_top', a pin on submodule 'lfst_inst' is connected to logic 1 or logic 0. (LINT-32)
   Pin 'data_in[23]' is connected to logic 0. 
Warning: In design 'ascon_top', a pin on submodule 'lfst_inst' is connected to logic 1 or logic 0. (LINT-32)
   Pin 'data_in[22]' is connected to logic 0. 
Warning: In design 'ascon_top', a pin on submodule 'lfst_inst' is connected to logic 1 or logic 0. (LINT-32)
   Pin 'data_in[21]' is connected to logic 0. 
Warning: In design 'ascon_top', a pin on submodule 'lfst_inst' is connected to logic 1 or logic 0. (LINT-32)
   Pin 'data_in[20]' is connected to logic 0. 
Warning: In design 'ascon_top', a pin on submodule 'lfst_inst' is connected to logic 1 or logic 0. (LINT-32)
   Pin 'data_in[19]' is connected to logic 0. 
Warning: In design 'ascon_top', a pin on submodule 'lfst_inst' is connected to logic 1 or logic 0. (LINT-32)
   Pin 'data_in[18]' is connected to logic 0. 
Warning: In design 'ascon_top', a pin on submodule 'lfst_inst' is connected to logic 1 or logic 0. (LINT-32)
   Pin 'data_in[17]' is connected to logic 0. 
Warning: In design 'ascon_top', a pin on submodule 'lfst_inst' is connected to logic 1 or logic 0. (LINT-32)
   Pin 'data_in[16]' is connected to logic 0. 
Warning: In design 'ascon_top', a pin on submodule 'lfst_inst' is connected to logic 1 or logic 0. (LINT-32)
   Pin 'data_in[15]' is connected to logic 0. 
Warning: In design 'ascon_top', a pin on submodule 'lfst_inst' is connected to logic 1 or logic 0. (LINT-32)
   Pin 'data_in[14]' is connected to logic 0. 
Warning: In design 'ascon_top', a pin on submodule 'lfst_inst' is connected to logic 1 or logic 0. (LINT-32)
   Pin 'data_in[13]' is connected to logic 0. 
Warning: In design 'ascon_top', a pin on submodule 'lfst_inst' is connected to logic 1 or logic 0. (LINT-32)
   Pin 'data_in[12]' is connected to logic 0. 
Warning: In design 'ascon_top', a pin on submodule 'lfst_inst' is connected to logic 1 or logic 0. (LINT-32)
   Pin 'data_in[11]' is connected to logic 0. 
Warning: In design 'ascon_top', a pin on submodule 'lfst_inst' is connected to logic 1 or logic 0. (LINT-32)
   Pin 'data_in[10]' is connected to logic 0. 
Warning: In design 'ascon_top', a pin on submodule 'lfst_inst' is connected to logic 1 or logic 0. (LINT-32)
   Pin 'data_in[9]' is connected to logic 0. 
Warning: In design 'ascon_top', a pin on submodule 'lfst_inst' is connected to logic 1 or logic 0. (LINT-32)
   Pin 'data_in[8]' is connected to logic 0. 
Warning: In design 'ascon_top', a pin on submodule 'lfst_inst' is connected to logic 1 or logic 0. (LINT-32)
   Pin 'data_in[7]' is connected to logic 0. 
Warning: In design 'ascon_top', a pin on submodule 'lfst_inst' is connected to logic 1 or logic 0. (LINT-32)
   Pin 'data_in[6]' is connected to logic 0. 
Warning: In design 'ascon_top', a pin on submodule 'lfst_inst' is connected to logic 1 or logic 0. (LINT-32)
   Pin 'data_in[5]' is connected to logic 0. 
Warning: In design 'ascon_top', a pin on submodule 'lfst_inst' is connected to logic 1 or logic 0. (LINT-32)
   Pin 'data_in[4]' is connected to logic 0. 
Warning: In design 'ascon_top', a pin on submodule 'lfst_inst' is connected to logic 1 or logic 0. (LINT-32)
   Pin 'data_in[3]' is connected to logic 0. 
Warning: In design 'ascon_top', a pin on submodule 'lfst_inst' is connected to logic 1 or logic 0. (LINT-32)
   Pin 'data_in[2]' is connected to logic 0. 
Warning: In design 'ascon_top', a pin on submodule 'lfst_inst' is connected to logic 1 or logic 0. (LINT-32)
   Pin 'data_in[1]' is connected to logic 0. 
Warning: In design 'ascon_top', a pin on submodule 'lfst_inst' is connected to logic 1 or logic 0. (LINT-32)
   Pin 'data_in[0]' is connected to logic 0. 
Warning: In design 'ascon_top', the same net is connected to more than one pin on submodule 'lfst_inst'. (LINT-33)
   Net '*Logic0*' is connected to pins 'data_in[95]', 'data_in[94]'', 'data_in[93]', 'data_in[92]', 'data_in[91]', 'data_in[90]', 'data_in[89]', 'data_in[88]', 'data_in[87]', 'data_in[86]', 'data_in[85]', 'data_in[84]', 'data_in[83]', 'data_in[82]', 'data_in[81]', 'data_in[80]', 'data_in[79]', 'data_in[78]', 'data_in[77]', 'data_in[76]', 'data_in[75]', 'data_in[74]', 'data_in[73]', 'data_in[72]', 'data_in[71]', 'data_in[70]', 'data_in[69]', 'data_in[68]', 'data_in[67]', 'data_in[66]', 'data_in[65]', 'data_in[64]', 'data_in[63]', 'data_in[62]', 'data_in[61]', 'data_in[60]', 'data_in[59]', 'data_in[58]', 'data_in[57]', 'data_in[56]', 'data_in[55]', 'data_in[54]', 'data_in[53]', 'data_in[52]', 'data_in[51]', 'data_in[50]', 'data_in[49]', 'data_in[48]', 'data_in[47]', 'data_in[46]', 'data_in[45]', 'data_in[44]', 'data_in[43]', 'data_in[42]', 'data_in[41]', 'data_in[40]', 'data_in[39]', 'data_in[38]', 'data_in[37]', 'data_in[36]', 'data_in[35]', 'data_in[34]', 'data_in[33]', 'data_in[32]', 'data_in[31]', 'data_in[30]', 'data_in[29]', 'data_in[28]', 'data_in[27]', 'data_in[26]', 'data_in[25]', 'data_in[24]', 'data_in[23]', 'data_in[22]', 'data_in[21]', 'data_in[20]', 'data_in[19]', 'data_in[18]', 'data_in[17]', 'data_in[16]', 'data_in[15]', 'data_in[14]', 'data_in[13]', 'data_in[12]', 'data_in[11]', 'data_in[10]', 'data_in[9]', 'data_in[8]', 'data_in[7]', 'data_in[6]', 'data_in[5]', 'data_in[4]', 'data_in[3]', 'data_in[2]', 'data_in[1]', 'data_in[0]'.
1
