 
****************************************
Report : power
        -analysis_effort low
Design : ascon_top
Version: R-2020.09-SP2
Date   : Fri Jun 13 00:51:15 2025
****************************************


Library(s) Used:

    tcbn65lplvttc (File: /software/dk/tsmc65/digital/Front_End/timing_power_noise/NLDM/tcbn65lplvt_220a/tcbn65lplvttc.db)


Operating Conditions: NCCOM   Library: tcbn65lplvttc
Wire Load Model Mode: segmented

Design        Wire Load Model            Library
------------------------------------------------
ascon_top              ZeroWireload      tcbn65lplvttc
lfsr                   ZeroWireload      tcbn65lplvttc
fsm                    ZeroWireload      tcbn65lplvttc
state_register         ZeroWireload      tcbn65lplvttc
register_1             ZeroWireload      tcbn65lplvttc
shareCreator           ZeroWireload      tcbn65lplvttc
ascon_sbox_d2_5        ZeroWireload      tcbn65lplvttc
ascon_sbox_d2_0        ZeroWireload      tcbn65lplvttc
ascon_sbox_d2_1        ZeroWireload      tcbn65lplvttc
ascon_sbox_d2_2        ZeroWireload      tcbn65lplvttc
ascon_sbox_d2_3        ZeroWireload      tcbn65lplvttc
ascon_sbox_d2_4        ZeroWireload      tcbn65lplvttc
register_0             ZeroWireload      tcbn65lplvttc


Global Operating Voltage = 1.2  
Power-specific unit information :
    Voltage Units = 1V
    Capacitance Units = 1.000000pf
    Time Units = 1ns
    Dynamic Power Units = 1mW    (derived from V,C,T units)
    Leakage Power Units = 1nW


  Cell Internal Power  =  60.6609 mW   (90%)
  Net Switching Power  =   6.6267 mW   (10%)
                         ---------
Total Dynamic Power    =  67.2877 mW  (100%)

Cell Leakage Power     =  34.5418 uW


                 Internal         Switching           Leakage            Total
Power Group      Power            Power               Power              Power   (   %    )  Attrs
--------------------------------------------------------------------------------------------------
io_pad             0.0000            0.0000            0.0000            0.0000  (   0.00%)
memory             0.0000            0.0000            0.0000            0.0000  (   0.00%)
black_box          0.0000            0.0000            0.0000            0.0000  (   0.00%)
clock_network      0.0000            0.0000            0.0000            0.0000  (   0.00%)
register          51.7297            1.7913        1.5101e+04           53.5361  (  79.52%)
sequential         0.0000            0.0000            0.0000            0.0000  (   0.00%)
combinational      8.9312            4.8355        1.9441e+04           13.7860  (  20.48%)
--------------------------------------------------------------------------------------------------
Total             60.6609 mW         6.6267 mW     3.4542e+04 nW        67.3222 mW
1
